I, [2018-03-01T08:24:22.367578 #10055]  INFO -- default-centos-7: -----> Cleaning up any prior instances of <default-centos-7>
I, [2018-03-01T08:24:22.367844 #10055]  INFO -- default-centos-7: -----> Destroying <default-centos-7>...
I, [2018-03-01T08:24:22.368503 #10055]  INFO -- default-centos-7: Finished destroying <default-centos-7> (0m0.00s).
I, [2018-03-01T08:24:22.369259 #10055]  INFO -- default-centos-7: -----> Testing <default-centos-7>
I, [2018-03-01T08:24:22.369334 #10055]  INFO -- default-centos-7: -----> Creating <default-centos-7>...
E, [2018-03-01T08:24:22.706109 #10055] ERROR -- default-centos-7: Create failed on instance <default-centos-7>.
E, [2018-03-01T08:24:22.706530 #10055] ERROR -- default-centos-7: ------Exception-------
E, [2018-03-01T08:24:22.706557 #10055] ERROR -- default-centos-7: Class: Aws::EC2::Errors::InvalidAMIIDNotFound
E, [2018-03-01T08:24:22.706571 #10055] ERROR -- default-centos-7: Message: The image id '[ami-c90195b0]' does not exist
E, [2018-03-01T08:24:22.706583 #10055] ERROR -- default-centos-7: ----------------------
E, [2018-03-01T08:24:22.706593 #10055] ERROR -- default-centos-7: ------Backtrace-------
E, [2018-03-01T08:24:22.706603 #10055] ERROR -- default-centos-7: /opt/chefdk/embedded/lib/ruby/gems/2.3.0/gems/aws-sdk-core-2.6.3/lib/seahorse/client/plugins/raise_response_errors.rb:15:in `call'
E, [2018-03-01T08:24:22.706614 #10055] ERROR -- default-centos-7: /opt/chefdk/embedded/lib/ruby/gems/2.3.0/gems/aws-sdk-core-2.6.3/lib/aws-sdk-core/plugins/param_converter.rb:20:in `call'
E, [2018-03-01T08:24:22.706624 #10055] ERROR -- default-centos-7: /opt/chefdk/embedded/lib/ruby/gems/2.3.0/gems/aws-sdk-core-2.6.3/lib/aws-sdk-core/plugins/response_paging.rb:26:in `call'
E, [2018-03-01T08:24:22.706635 #10055] ERROR -- default-centos-7: /opt/chefdk/embedded/lib/ruby/gems/2.3.0/gems/aws-sdk-core-2.6.3/lib/seahorse/client/plugins/response_target.rb:21:in `call'
E, [2018-03-01T08:24:22.706657 #10055] ERROR -- default-centos-7: /opt/chefdk/embedded/lib/ruby/gems/2.3.0/gems/aws-sdk-core-2.6.3/lib/seahorse/client/request.rb:70:in `send_request'
E, [2018-03-01T08:24:22.706698 #10055] ERROR -- default-centos-7: /opt/chefdk/embedded/lib/ruby/gems/2.3.0/gems/aws-sdk-core-2.6.3/lib/seahorse/client/base.rb:207:in `block (2 levels) in define_operation_methods'
E, [2018-03-01T08:24:22.706714 #10055] ERROR -- default-centos-7: /opt/chefdk/embedded/lib/ruby/gems/2.3.0/gems/aws-sdk-resources-2.6.3/lib/aws-sdk-resources/request.rb:24:in `call'
E, [2018-03-01T08:24:22.706725 #10055] ERROR -- default-centos-7: /opt/chefdk/embedded/lib/ruby/gems/2.3.0/gems/aws-sdk-resources-2.6.3/lib/aws-sdk-resources/operations.rb:41:in `call'
E, [2018-03-01T08:24:22.706736 #10055] ERROR -- default-centos-7: /opt/chefdk/embedded/lib/ruby/gems/2.3.0/gems/aws-sdk-resources-2.6.3/lib/aws-sdk-resources/operations.rb:61:in `call'
E, [2018-03-01T08:24:22.706746 #10055] ERROR -- default-centos-7: /opt/chefdk/embedded/lib/ruby/gems/2.3.0/gems/aws-sdk-resources-2.6.3/lib/aws-sdk-resources/resource.rb:147:in `load'
E, [2018-03-01T08:24:22.706757 #10055] ERROR -- default-centos-7: /opt/chefdk/embedded/lib/ruby/gems/2.3.0/gems/aws-sdk-resources-2.6.3/lib/aws-sdk-resources/resource.rb:120:in `data'
E, [2018-03-01T08:24:22.706767 #10055] ERROR -- default-centos-7: /opt/chefdk/embedded/lib/ruby/gems/2.3.0/gems/aws-sdk-resources-2.6.3/lib/aws-sdk-resources/resource.rb:223:in `block in add_data_attribute'
E, [2018-03-01T08:24:22.706778 #10055] ERROR -- default-centos-7: /opt/chefdk/embedded/lib/ruby/gems/2.3.0/gems/kitchen-ec2-1.2.0/lib/kitchen/driver/ec2.rb:541:in `show_chosen_image'
E, [2018-03-01T08:24:22.706794 #10055] ERROR -- default-centos-7: /opt/chefdk/embedded/lib/ruby/gems/2.3.0/gems/kitchen-ec2-1.2.0/lib/kitchen/driver/ec2.rb:249:in `image'
E, [2018-03-01T08:24:22.706846 #10055] ERROR -- default-centos-7: /opt/chefdk/embedded/lib/ruby/gems/2.3.0/gems/kitchen-ec2-1.2.0/lib/kitchen/driver/ec2.rb:275:in `actual_platform'
E, [2018-03-01T08:24:22.706858 #10055] ERROR -- default-centos-7: /opt/chefdk/embedded/lib/ruby/gems/2.3.0/gems/kitchen-ec2-1.2.0/lib/kitchen/driver/ec2.rb:302:in `update_username'
E, [2018-03-01T08:24:22.706880 #10055] ERROR -- default-centos-7: /opt/chefdk/embedded/lib/ruby/gems/2.3.0/gems/kitchen-ec2-1.2.0/lib/kitchen/driver/ec2.rb:170:in `create'
E, [2018-03-01T08:24:22.706893 #10055] ERROR -- default-centos-7: /opt/chefdk/embedded/lib/ruby/gems/2.3.0/gems/test-kitchen-1.13.2/lib/kitchen/instance.rb:456:in `public_send'
E, [2018-03-01T08:24:22.706904 #10055] ERROR -- default-centos-7: /opt/chefdk/embedded/lib/ruby/gems/2.3.0/gems/test-kitchen-1.13.2/lib/kitchen/instance.rb:456:in `block in perform_action'
E, [2018-03-01T08:24:22.706914 #10055] ERROR -- default-centos-7: /opt/chefdk/embedded/lib/ruby/gems/2.3.0/gems/test-kitchen-1.13.2/lib/kitchen/instance.rb:520:in `synchronize_or_call'
E, [2018-03-01T08:24:22.706925 #10055] ERROR -- default-centos-7: /opt/chefdk/embedded/lib/ruby/gems/2.3.0/gems/test-kitchen-1.13.2/lib/kitchen/instance.rb:485:in `block in action'
E, [2018-03-01T08:24:22.706935 #10055] ERROR -- default-centos-7: /opt/chefdk/embedded/lib/ruby/2.3.0/benchmark.rb:293:in `measure'
E, [2018-03-01T08:24:22.706947 #10055] ERROR -- default-centos-7: /opt/chefdk/embedded/lib/ruby/gems/2.3.0/gems/test-kitchen-1.13.2/lib/kitchen/instance.rb:484:in `action'
E, [2018-03-01T08:24:22.706966 #10055] ERROR -- default-centos-7: /opt/chefdk/embedded/lib/ruby/gems/2.3.0/gems/test-kitchen-1.13.2/lib/kitchen/instance.rb:456:in `perform_action'
E, [2018-03-01T08:24:22.706977 #10055] ERROR -- default-centos-7: /opt/chefdk/embedded/lib/ruby/gems/2.3.0/gems/test-kitchen-1.13.2/lib/kitchen/instance.rb:366:in `create_action'
E, [2018-03-01T08:24:22.706988 #10055] ERROR -- default-centos-7: /opt/chefdk/embedded/lib/ruby/gems/2.3.0/gems/test-kitchen-1.13.2/lib/kitchen/instance.rb:355:in `block in transition_to'
E, [2018-03-01T08:24:22.706998 #10055] ERROR -- default-centos-7: /opt/chefdk/embedded/lib/ruby/gems/2.3.0/gems/test-kitchen-1.13.2/lib/kitchen/instance.rb:354:in `each'
E, [2018-03-01T08:24:22.707009 #10055] ERROR -- default-centos-7: /opt/chefdk/embedded/lib/ruby/gems/2.3.0/gems/test-kitchen-1.13.2/lib/kitchen/instance.rb:354:in `transition_to'
E, [2018-03-01T08:24:22.707020 #10055] ERROR -- default-centos-7: /opt/chefdk/embedded/lib/ruby/gems/2.3.0/gems/test-kitchen-1.13.2/lib/kitchen/instance.rb:160:in `verify'
E, [2018-03-01T08:24:22.707030 #10055] ERROR -- default-centos-7: /opt/chefdk/embedded/lib/ruby/gems/2.3.0/gems/test-kitchen-1.13.2/lib/kitchen/instance.rb:189:in `block in test'
E, [2018-03-01T08:24:22.707041 #10055] ERROR -- default-centos-7: /opt/chefdk/embedded/lib/ruby/2.3.0/benchmark.rb:293:in `measure'
E, [2018-03-01T08:24:22.707051 #10055] ERROR -- default-centos-7: /opt/chefdk/embedded/lib/ruby/gems/2.3.0/gems/test-kitchen-1.13.2/lib/kitchen/instance.rb:185:in `test'
E, [2018-03-01T08:24:22.707065 #10055] ERROR -- default-centos-7: /opt/chefdk/embedded/lib/ruby/gems/2.3.0/gems/test-kitchen-1.13.2/lib/kitchen/command.rb:201:in `public_send'
E, [2018-03-01T08:24:22.707077 #10055] ERROR -- default-centos-7: /opt/chefdk/embedded/lib/ruby/gems/2.3.0/gems/test-kitchen-1.13.2/lib/kitchen/command.rb:201:in `run_action_in_thread'
E, [2018-03-01T08:24:22.707111 #10055] ERROR -- default-centos-7: /opt/chefdk/embedded/lib/ruby/gems/2.3.0/gems/test-kitchen-1.13.2/lib/kitchen/command.rb:173:in `block (2 levels) in run_action'
E, [2018-03-01T08:24:22.707123 #10055] ERROR -- default-centos-7: ----End Backtrace-----
